[2021-06-28 22:29:42.082447]
[GAS SENSOR] eCO2 = 400 ppm 	 TVOC = 0 ppb 
[TEMP SENSOR]: 26.6875
[SOIL PROP SENSOR]: TEMP 27.72041200308  MOISTURE: 347
[RGB SENSOR] R:5, G:7, B:3 lux 
 ____________________________________ 
[2021-06-28 22:29:44.801467]
[GAS SENSOR] eCO2 = 400 ppm 	 TVOC = 0 ppb 
[TEMP SENSOR]: 27.625
[SOIL PROP SENSOR]: TEMP 27.92643605064  MOISTURE: 348
[RGB SENSOR] R:5, G:6, B:3 lux 
 ____________________________________ 
[2021-06-28 22:29:47.518569]
[GAS SENSOR] eCO2 = 400 ppm 	 TVOC = 0 ppb 
[TEMP SENSOR]: 28.625
[SOIL PROP SENSOR]: TEMP 27.50796400914  MOISTURE: 348
[RGB SENSOR] R:5, G:6, B:3 lux 
 ____________________________________ 
[2021-06-28 22:29:50.204962]
[GAS SENSOR] eCO2 = 400 ppm 	 TVOC = 0 ppb 
[TEMP SENSOR]: 28.5625
[SOIL PROP SENSOR]: TEMP 27.72041200308  MOISTURE: 346
[RGB SENSOR] R:6, G:7, B:3 lux 
 ____________________________________ 
[2021-06-28 22:29:52.888494]
[GAS SENSOR] eCO2 = 400 ppm 	 TVOC = 0 ppb 
[TEMP SENSOR]: 28.6875
[SOIL PROP SENSOR]: TEMP 27.72041200308  MOISTURE: 348
[RGB SENSOR] R:6, G:7, B:3 lux 
 ____________________________________ 
[2021-06-28 22:29:55.570012]
[GAS SENSOR] eCO2 = 400 ppm 	 TVOC = 0 ppb 
[TEMP SENSOR]: 28.625
[SOIL PROP SENSOR]: TEMP 27.82342402686  MOISTURE: 348
[RGB SENSOR] R:6, G:7, B:3 lux 
 ____________________________________ 
[2021-06-28 22:29:58.251799]
[GAS SENSOR] eCO2 = 400 ppm 	 TVOC = 0 ppb 
[TEMP SENSOR]: 28.5625
[SOIL PROP SENSOR]: TEMP 27.72041200308  MOISTURE: 347
[RGB SENSOR] R:6, G:7, B:3 lux 
 ____________________________________ 
[2021-06-28 22:30:00.947878]
[GAS SENSOR] eCO2 = 400 ppm 	 TVOC = 0 ppb 
[TEMP SENSOR]: 28.5
[SOIL PROP SENSOR]: TEMP 27.40495198536  MOISTURE: 349
[RGB SENSOR] R:6, G:7, B:3 lux 
 ____________________________________ 
[2021-06-28 22:30:03.667879]
[GAS SENSOR] eCO2 = 400 ppm 	 TVOC = 0 ppb 
[TEMP SENSOR]: 28.4375
[SOIL PROP SENSOR]: TEMP 28.02944807442  MOISTURE: 348
[RGB SENSOR] R:6, G:7, B:3 lux 
 ____________________________________ 
[2021-06-28 22:30:06.350205]
[GAS SENSOR] eCO2 = 400 ppm 	 TVOC = 0 ppb 
[TEMP SENSOR]: 28.375
[SOIL PROP SENSOR]: TEMP 27.82342402686  MOISTURE: 348
[RGB SENSOR] R:6, G:7, B:3 lux 
 ____________________________________ 
[2021-06-28 22:30:09.045405]
[GAS SENSOR] eCO2 = 400 ppm 	 TVOC = 0 ppb 
[TEMP SENSOR]: 28.3125
[SOIL PROP SENSOR]: TEMP 27.82342402686  MOISTURE: 348
[RGB SENSOR] R:6, G:7, B:3 lux 
 ____________________________________ 
[2021-06-28 22:30:11.780848]
[GAS SENSOR] eCO2 = 400 ppm 	 TVOC = 0 ppb 
[TEMP SENSOR]: 28.25
[SOIL PROP SENSOR]: TEMP 27.82342402686  MOISTURE: 346
[RGB SENSOR] R:5, G:7, B:3 lux 
 ____________________________________ 
[2021-06-28 22:30:14.497365]
[GAS SENSOR] eCO2 = 400 ppm 	 TVOC = 0 ppb 
[TEMP SENSOR]: 28.125
[SOIL PROP SENSOR]: TEMP 27.92643605064  MOISTURE: 346
[RGB SENSOR] R:6, G:7, B:3 lux 
 ____________________________________ 
[2021-06-28 22:30:17.217437]
[GAS SENSOR] eCO2 = 400 ppm 	 TVOC = 0 ppb 
[TEMP SENSOR]: 28.125
[SOIL PROP SENSOR]: TEMP 27.92643605064  MOISTURE: 346
[RGB SENSOR] R:6, G:7, B:3 lux 
 ____________________________________ 
[2021-06-28 22:30:19.906000]
[GAS SENSOR] eCO2 = 400 ppm 	 TVOC = 0 ppb 
[TEMP SENSOR]: 28.0625
[SOIL PROP SENSOR]: TEMP 27.72041200308  MOISTURE: 345
[RGB SENSOR] R:6, G:7, B:3 lux 
 ____________________________________ 
[2021-06-28 22:30:22.613362]
[GAS SENSOR] eCO2 = 400 ppm 	 TVOC = 0 ppb 
[TEMP SENSOR]: 28.0
[SOIL PROP SENSOR]: TEMP 27.61097603292  MOISTURE: 348
[RGB SENSOR] R:6, G:7, B:3 lux 
 ____________________________________ 
[2021-06-28 22:30:25.328407]
[GAS SENSOR] eCO2 = 400 ppm 	 TVOC = 0 ppb 
[TEMP SENSOR]: 27.9375
[SOIL PROP SENSOR]: TEMP 28.138899303360002  MOISTURE: 347
[RGB SENSOR] R:6, G:7, B:3 lux 
 ____________________________________ 
[2021-06-28 22:30:28.048926]
[GAS SENSOR] eCO2 = 400 ppm 	 TVOC = 0 ppb 
[TEMP SENSOR]: 27.9375
[SOIL PROP SENSOR]: TEMP 27.61097603292  MOISTURE: 346
[RGB SENSOR] R:6, G:7, B:3 lux 
 ____________________________________ 
[2021-06-28 22:30:30.764569]
[GAS SENSOR] eCO2 = 400 ppm 	 TVOC = 0 ppb 
[TEMP SENSOR]: 27.875
[SOIL PROP SENSOR]: TEMP 28.02944807442  MOISTURE: 347
[RGB SENSOR] R:6, G:7, B:3 lux 
 ____________________________________ 
[2021-06-28 22:30:33.493871]
[GAS SENSOR] eCO2 = 400 ppm 	 TVOC = 0 ppb 
[TEMP SENSOR]: 27.8125
[SOIL PROP SENSOR]: TEMP 27.92643605064  MOISTURE: 346
[RGB SENSOR] R:6, G:7, B:3 lux 
 ____________________________________ 
[2021-06-28 22:30:36.224449]
[GAS SENSOR] eCO2 = 400 ppm 	 TVOC = 0 ppb 
[TEMP SENSOR]: 27.75
[SOIL PROP SENSOR]: TEMP 27.92643605064  MOISTURE: 349
[RGB SENSOR] R:6, G:7, B:3 lux 
 ____________________________________ 
[2021-06-28 22:30:38.934723]
[GAS SENSOR] eCO2 = 400 ppm 	 TVOC = 0 ppb 
[TEMP SENSOR]: 27.6875
[SOIL PROP SENSOR]: TEMP 28.02944807442  MOISTURE: 347
[RGB SENSOR] R:6, G:7, B:3 lux 
 ____________________________________ 
[2021-06-28 22:30:41.655482]
[GAS SENSOR] eCO2 = 400 ppm 	 TVOC = 0 ppb 
[TEMP SENSOR]: 27.6875
[SOIL PROP SENSOR]: TEMP 27.72041200308  MOISTURE: 346
[RGB SENSOR] R:6, G:7, B:3 lux 
 ____________________________________ 
[2021-06-28 22:30:44.374424]
[GAS SENSOR] eCO2 = 400 ppm 	 TVOC = 0 ppb 
[TEMP SENSOR]: 27.625
[SOIL PROP SENSOR]: TEMP 27.61097603292  MOISTURE: 346
[RGB SENSOR] R:6, G:7, B:3 lux 
 ____________________________________ 
[2021-06-28 22:30:47.068757]
[GAS SENSOR] eCO2 = 400 ppm 	 TVOC = 0 ppb 
[TEMP SENSOR]: 27.625
[SOIL PROP SENSOR]: TEMP 27.92643605064  MOISTURE: 348
[RGB SENSOR] R:6, G:7, B:3 lux 
 ____________________________________ 
[2021-06-28 22:30:49.789090]
[GAS SENSOR] eCO2 = 400 ppm 	 TVOC = 0 ppb 
[TEMP SENSOR]: 27.625
[SOIL PROP SENSOR]: TEMP 27.72041200308  MOISTURE: 348
[RGB SENSOR] R:6, G:7, B:3 lux 
 ____________________________________ 
[2021-06-28 22:30:52.499141]
[GAS SENSOR] eCO2 = 400 ppm 	 TVOC = 0 ppb 
[TEMP SENSOR]: 27.5625
[SOIL PROP SENSOR]: TEMP 27.61097603292  MOISTURE: 346
[RGB SENSOR] R:6, G:7, B:3 lux 
 ____________________________________ 
[2021-06-28 22:30:55.240831]
[GAS SENSOR] eCO2 = 400 ppm 	 TVOC = 0 ppb 
[TEMP SENSOR]: 27.4375
[SOIL PROP SENSOR]: TEMP 27.92643605064  MOISTURE: 347
[RGB SENSOR] R:6, G:7, B:3 lux 
 ____________________________________ 
[2021-06-28 22:30:57.953066]
[GAS SENSOR] eCO2 = 400 ppm 	 TVOC = 0 ppb 
[TEMP SENSOR]: 27.5
[SOIL PROP SENSOR]: TEMP 27.82342402686  MOISTURE: 348
[RGB SENSOR] R:6, G:7, B:3 lux 
 ____________________________________ 
[2021-06-28 22:31:00.670987]
[GAS SENSOR] eCO2 = 400 ppm 	 TVOC = 0 ppb 
[TEMP SENSOR]: 27.375
[SOIL PROP SENSOR]: TEMP 27.82342402686  MOISTURE: 348
[RGB SENSOR] R:6, G:7, B:3 lux 
 ____________________________________ 
[2021-06-28 22:31:03.382406]
[GAS SENSOR] eCO2 = 400 ppm 	 TVOC = 0 ppb 
[TEMP SENSOR]: 27.375
[SOIL PROP SENSOR]: TEMP 28.02944807442  MOISTURE: 347
[RGB SENSOR] R:6, G:7, B:3 lux 
 ____________________________________ 
[2021-06-28 22:31:06.067044]
[GAS SENSOR] eCO2 = 400 ppm 	 TVOC = 0 ppb 
[TEMP SENSOR]: 27.3125
[SOIL PROP SENSOR]: TEMP 27.82342402686  MOISTURE: 346
[RGB SENSOR] R:6, G:7, B:3 lux 
 ____________________________________ 
[2021-06-28 22:31:08.758714]
[GAS SENSOR] eCO2 = 400 ppm 	 TVOC = 0 ppb 
[TEMP SENSOR]: 27.25
[SOIL PROP SENSOR]: TEMP 27.72041200308  MOISTURE: 348
[RGB SENSOR] R:6, G:7, B:3 lux 
 ____________________________________ 
[2021-06-28 22:31:11.473847]
[GAS SENSOR] eCO2 = 400 ppm 	 TVOC = 0 ppb 
[TEMP SENSOR]: 27.25
[SOIL PROP SENSOR]: TEMP 27.72041200308  MOISTURE: 346
[RGB SENSOR] R:6, G:7, B:3 lux 
 ____________________________________ 
[2021-06-28 22:31:14.190973]
[GAS SENSOR] eCO2 = 400 ppm 	 TVOC = 0 ppb 
[TEMP SENSOR]: 27.25
[SOIL PROP SENSOR]: TEMP 27.72041200308  MOISTURE: 346
[RGB SENSOR] R:6, G:7, B:3 lux 
 ____________________________________ 
[2021-06-28 22:31:16.872136]
[GAS SENSOR] eCO2 = 400 ppm 	 TVOC = 0 ppb 
[TEMP SENSOR]: 27.1875
[SOIL PROP SENSOR]: TEMP 27.82342402686  MOISTURE: 345
[RGB SENSOR] R:6, G:7, B:3 lux 
 ____________________________________ 
[2021-06-28 22:31:19.593216]
[GAS SENSOR] eCO2 = 400 ppm 	 TVOC = 0 ppb 
[TEMP SENSOR]: 27.125
[SOIL PROP SENSOR]: TEMP 27.72041200308  MOISTURE: 346
[RGB SENSOR] R:5, G:6, B:3 lux 
 ____________________________________ 
[2021-06-28 22:31:22.308263]
[GAS SENSOR] eCO2 = 400 ppm 	 TVOC = 0 ppb 
[TEMP SENSOR]: 27.1875
[SOIL PROP SENSOR]: TEMP 27.61097603292  MOISTURE: 348
[RGB SENSOR] R:5, G:6, B:3 lux 
 ____________________________________ 
